<?xml version="1.0" encoding="UTF-8"?>
<!-- Generated by org.testng.reporters.JUnitXMLReporter -->
<testsuite ignored="0" hostname="Roger" failures="0" tests="11" name="Default test" time="87.272" errors="0" timestamp="2023-07-07T17:13:37 IST">
  <testcase classname="helper.TestNGRunner" name="runScenario" time="10.014"/>
  <testcase classname="helper.TestNGRunner" name="runScenario" time="6.572"/>
  <testcase classname="helper.TestNGRunner" name="runScenario" time="0.179"/>
  <testcase classname="helper.TestNGRunner" name="runScenario" time="18.844"/>
  <testcase classname="helper.TestNGRunner" name="runScenario" time="6.423"/>
  <testcase classname="helper.TestNGRunner" name="runScenario" time="12.494"/>
  <testcase classname="helper.TestNGRunner" name="runScenario" time="12.546"/>
  <testcase classname="helper.TestNGRunner" name="runScenario" time="6.703"/>
  <testcase classname="helper.TestNGRunner" name="runScenario" time="6.311"/>
  <testcase classname="helper.TestNGRunner" name="runScenario" time="6.362"/>
  <testcase classname="helper.TestNGRunner" name="runScenario" time="0.312"/>
</testsuite> <!-- Default test -->
